Build started 8/31/2015 2:03:42 PM.
     1>Project "C:\Users\amir\Desktop\FanucProject\C++ Code\TMSConsole\TMSConsole\TMSConsole.vcxproj" on node 2 (Build target(s)).
     1>ClCompile:
         C:\Program Files (x86)\Microsoft Visual Studio 12.0\VC\bin\CL.exe /c /Zi /nologo /W3 /WX- /O2 /Oi /Oy- /GL /D WIN32 /D NDEBUG /D _CONSOLE /D _LIB /D _UNICODE /D UNICODE /Gm- /EHsc /MD /GS /Gy /fp:precise /Zc:wchar_t /Zc:forScope /Fo"Release\\" /Fd"Release\vc120.pdb" /Gd /TP /analyze- /errorReport:prompt TMSConsole.cpp
         TMSConsole.cpp
     1>c:\users\amir\desktop\fanucproject\c++ code\tmsconsole\tmsconsole\OPCFunctions.h(1): fatal error C1083: Cannot open include file: 'extcode.h': No such file or directory
     1>Done Building Project "C:\Users\amir\Desktop\FanucProject\C++ Code\TMSConsole\TMSConsole\TMSConsole.vcxproj" (Build target(s)) -- FAILED.

Build FAILED.

Time Elapsed 00:00:00.38
